The system is: Linux - 4.14.48-2-MANJARO - x86_64
Compiling the C compiler identification source file "CMakeCCompilerId.c" succeeded.
Compiler: /bin/cc 
Build flags: 
Id flags:  

The output was:
0


Compilation of the C compiler identification source "CMakeCCompilerId.c" produced "a.out"

The C compiler identification is GNU, found in "/home/discaz/Project/Socket/Chapter3/stack/cmake-build-debug/CMakeFiles/3.9.6/CompilerIdC/a.out"

Determining if the C compiler works passed with the following output:
Change Dir: /home/discaz/Project/Socket/Chapter3/stack/cmake-build-debug/CMakeFiles/CMakeTmp

Run Build Command:"/bin/make" "cmTC_8768f/fast"
/bin/make -f CMakeFiles/cmTC_8768f.dir/build.make CMakeFiles/cmTC_8768f.dir/build
make[1]: 进入目录“/home/discaz/Project/Socket/Chapter3/stack/cmake-build-debug/CMakeFiles/CMakeTmp”
Building C object CMakeFiles/cmTC_8768f.dir/testCCompiler.c.o
/bin/cc    -o CMakeFiles/cmTC_8768f.dir/testCCompiler.c.o   -c /home/discaz/Project/Socket/Chapter3/stack/cmake-build-debug/CMakeFiles/CMakeTmp/testCCompiler.c
Linking C executable cmTC_8768f
/opt/clion/bin/cmake/bin/cmake -E cmake_link_script CMakeFiles/cmTC_8768f.dir/link.txt --verbose=1
/bin/cc      CMakeFiles/cmTC_8768f.dir/testCCompiler.c.o  -o cmTC_8768f 
make[1]: 离开目录“/home/discaz/Project/Socket/Chapter3/stack/cmake-build-debug/CMakeFiles/CMakeTmp”


Detecting C compiler ABI info compiled with the following output:
Change Dir: /home/discaz/Project/Socket/Chapter3/stack/cmake-build-debug/CMakeFiles/CMakeTmp

Run Build Command:"/bin/make" "cmTC_62cc1/fast"
/bin/make -f CMakeFiles/cmTC_62cc1.dir/build.make CMakeFiles/cmTC_62cc1.dir/build
make[1]: 进入目录“/home/discaz/Project/Socket/Chapter3/stack/cmake-build-debug/CMakeFiles/CMakeTmp”
Building C object CMakeFiles/cmTC_62cc1.dir/CMakeCCompilerABI.c.o
/bin/cc    -o CMakeFiles/cmTC_62cc1.dir/CMakeCCompilerABI.c.o   -c /opt/clion/bin/cmake/share/cmake-3.9/Modules/CMakeCCompilerABI.c
Linking C executable cmTC_62cc1
/opt/clion/bin/cmake/bin/cmake -E cmake_link_script CMakeFiles/cmTC_62cc1.dir/link.txt --verbose=1
/bin/cc     -v CMakeFiles/cmTC_62cc1.dir/CMakeCCompilerABI.c.o  -o cmTC_62cc1 
使用内建 specs。
COLLECT_GCC=/bin/cc
COLLECT_LTO_WRAPPER=/usr/lib/gcc/x86_64-pc-linux-gnu/8.1.1/lto-wrapper
目标：x86_64-pc-linux-gnu
配置为：/build/gcc/src/gcc/configure --prefix=/usr --libdir=/usr/lib --libexecdir=/usr/lib --mandir=/usr/share/man --infodir=/usr/share/info --with-bugurl=https://bugs.archlinux.org/ --enable-languages=c,c++,ada,fortran,go,lto,objc,obj-c++ --enable-shared --enable-threads=posix --enable-libmpx --with-system-zlib --with-isl --enable-__cxa_atexit --disable-libunwind-exceptions --enable-clocale=gnu --disable-libstdcxx-pch --disable-libssp --enable-gnu-unique-object --enable-linker-build-id --enable-lto --enable-plugin --enable-install-libiberty --with-linker-hash-style=gnu --enable-gnu-indirect-function --enable-multilib --disable-werror --enable-checking=release --enable-default-pie --enable-default-ssp
线程模型：posix
gcc 版本 8.1.1 20180531 (GCC) 
COMPILER_PATH=/usr/lib/gcc/x86_64-pc-linux-gnu/8.1.1/:/usr/lib/gcc/x86_64-pc-linux-gnu/8.1.1/:/usr/lib/gcc/x86_64-pc-linux-gnu/:/usr/lib/gcc/x86_64-pc-linux-gnu/8.1.1/:/usr/lib/gcc/x86_64-pc-linux-gnu/
LIBRARY_PATH=/usr/lib/gcc/x86_64-pc-linux-gnu/8.1.1/:/usr/lib/gcc/x86_64-pc-linux-gnu/8.1.1/../../../../lib/:/lib/../lib/:/usr/lib/../lib/:/usr/lib/gcc/x86_64-pc-linux-gnu/8.1.1/../../../:/lib/:/usr/lib/
COLLECT_GCC_OPTIONS='-v' '-o' 'cmTC_62cc1' '-mtune=generic' '-march=x86-64'
 /usr/lib/gcc/x86_64-pc-linux-gnu/8.1.1/collect2 -plugin /usr/lib/gcc/x86_64-pc-linux-gnu/8.1.1/liblto_plugin.so -plugin-opt=/usr/lib/gcc/x86_64-pc-linux-gnu/8.1.1/lto-wrapper -plugin-opt=-fresolution=/tmp/ccaIs39M.res -plugin-opt=-pass-through=-lgcc -plugin-opt=-pass-through=-lgcc_s -plugin-opt=-pass-through=-lc -plugin-opt=-pass-through=-lgcc -plugin-opt=-pass-through=-lgcc_s --build-id --eh-frame-hdr --hash-style=gnu -m elf_x86_64 -dynamic-linker /lib64/ld-linux-x86-64.so.2 -pie -o cmTC_62cc1 /usr/lib/gcc/x86_64-pc-linux-gnu/8.1.1/../../../../lib/Scrt1.o /usr/lib/gcc/x86_64-pc-linux-gnu/8.1.1/../../../../lib/crti.o /usr/lib/gcc/x86_64-pc-linux-gnu/8.1.1/crtbeginS.o -L/usr/lib/gcc/x86_64-pc-linux-gnu/8.1.1 -L/usr/lib/gcc/x86_64-pc-linux-gnu/8.1.1/../../../../lib -L/lib/../lib -L/usr/lib/../lib -L/usr/lib/gcc/x86_64-pc-linux-gnu/8.1.1/../../.. CMakeFiles/cmTC_62cc1.dir/CMakeCCompilerABI.c.o -lgcc --as-needed -lgcc_s --no-as-needed -lc -lgcc --as-needed -lgcc_s --no-as-needed /usr/lib/gcc/x86_64-pc-linux-gnu/8.1.1/crtendS.o /usr/lib/gcc/x86_64-pc-linux-gnu/8.1.1/../../../../lib/crtn.o
COLLECT_GCC_OPTIONS='-v' '-o' 'cmTC_62cc1' '-mtune=generic' '-march=x86-64'
make[1]: 离开目录“/home/discaz/Project/Socket/Chapter3/stack/cmake-build-debug/CMakeFiles/CMakeTmp”


Parsed C implicit link information from above output:
  link line regex: [^( *|.*[/\])(ld|CMAKE_LINK_STARTFILE-NOTFOUND|([^/\]+-)?ld|collect2)[^/\]*( |$)]
  ignore line: [Change Dir: /home/discaz/Project/Socket/Chapter3/stack/cmake-build-debug/CMakeFiles/CMakeTmp]
  ignore line: []
  ignore line: [Run Build Command:"/bin/make" "cmTC_62cc1/fast"]
  ignore line: [/bin/make -f CMakeFiles/cmTC_62cc1.dir/build.make CMakeFiles/cmTC_62cc1.dir/build]
  ignore line: [make[1]: 进入目录“/home/discaz/Project/Socket/Chapter3/stack/cmake-build-debug/CMakeFiles/CMakeTmp”]
  ignore line: [Building C object CMakeFiles/cmTC_62cc1.dir/CMakeCCompilerABI.c.o]
  ignore line: [/bin/cc    -o CMakeFiles/cmTC_62cc1.dir/CMakeCCompilerABI.c.o   -c /opt/clion/bin/cmake/share/cmake-3.9/Modules/CMakeCCompilerABI.c]
  ignore line: [Linking C executable cmTC_62cc1]
  ignore line: [/opt/clion/bin/cmake/bin/cmake -E cmake_link_script CMakeFiles/cmTC_62cc1.dir/link.txt --verbose=1]
  ignore line: [/bin/cc     -v CMakeFiles/cmTC_62cc1.dir/CMakeCCompilerABI.c.o  -o cmTC_62cc1 ]
  ignore line: [使用内建 specs。]
  ignore line: [COLLECT_GCC=/bin/cc]
  ignore line: [COLLECT_LTO_WRAPPER=/usr/lib/gcc/x86_64-pc-linux-gnu/8.1.1/lto-wrapper]
  ignore line: [目标：x86_64-pc-linux-gnu]
  ignore line: [配置为：/build/gcc/src/gcc/configure --prefix=/usr --libdir=/usr/lib --libexecdir=/usr/lib --mandir=/usr/share/man --infodir=/usr/share/info --with-bugurl=https://bugs.archlinux.org/ --enable-languages=c,c++,ada,fortran,go,lto,objc,obj-c++ --enable-shared --enable-threads=posix --enable-libmpx --with-system-zlib --with-isl --enable-__cxa_atexit --disable-libunwind-exceptions --enable-clocale=gnu --disable-libstdcxx-pch --disable-libssp --enable-gnu-unique-object --enable-linker-build-id --enable-lto --enable-plugin --enable-install-libiberty --with-linker-hash-style=gnu --enable-gnu-indirect-function --enable-multilib --disable-werror --enable-checking=release --enable-default-pie --enable-default-ssp]
  ignore line: [线程模型：posix]
  ignore line: [gcc 版本 8.1.1 20180531 (GCC) ]
  ignore line: [COMPILER_PATH=/usr/lib/gcc/x86_64-pc-linux-gnu/8.1.1/:/usr/lib/gcc/x86_64-pc-linux-gnu/8.1.1/:/usr/lib/gcc/x86_64-pc-linux-gnu/:/usr/lib/gcc/x86_64-pc-linux-gnu/8.1.1/:/usr/lib/gcc/x86_64-pc-linux-gnu/]
  ignore line: [LIBRARY_PATH=/usr/lib/gcc/x86_64-pc-linux-gnu/8.1.1/:/usr/lib/gcc/x86_64-pc-linux-gnu/8.1.1/../../../../lib/:/lib/../lib/:/usr/lib/../lib/:/usr/lib/gcc/x86_64-pc-linux-gnu/8.1.1/../../../:/lib/:/usr/lib/]
  ignore line: [COLLECT_GCC_OPTIONS='-v' '-o' 'cmTC_62cc1' '-mtune=generic' '-march=x86-64']
  link line: [ /usr/lib/gcc/x86_64-pc-linux-gnu/8.1.1/collect2 -plugin /usr/lib/gcc/x86_64-pc-linux-gnu/8.1.1/liblto_plugin.so -plugin-opt=/usr/lib/gcc/x86_64-pc-linux-gnu/8.1.1/lto-wrapper -plugin-opt=-fresolution=/tmp/ccaIs39M.res -plugin-opt=-pass-through=-lgcc -plugin-opt=-pass-through=-lgcc_s -plugin-opt=-pass-through=-lc -plugin-opt=-pass-through=-lgcc -plugin-opt=-pass-through=-lgcc_s --build-id --eh-frame-hdr --hash-style=gnu -m elf_x86_64 -dynamic-linker /lib64/ld-linux-x86-64.so.2 -pie -o cmTC_62cc1 /usr/lib/gcc/x86_64-pc-linux-gnu/8.1.1/../../../../lib/Scrt1.o /usr/lib/gcc/x86_64-pc-linux-gnu/8.1.1/../../../../lib/crti.o /usr/lib/gcc/x86_64-pc-linux-gnu/8.1.1/crtbeginS.o -L/usr/lib/gcc/x86_64-pc-linux-gnu/8.1.1 -L/usr/lib/gcc/x86_64-pc-linux-gnu/8.1.1/../../../../lib -L/lib/../lib -L/usr/lib/../lib -L/usr/lib/gcc/x86_64-pc-linux-gnu/8.1.1/../../.. CMakeFiles/cmTC_62cc1.dir/CMakeCCompilerABI.c.o -lgcc --as-needed -lgcc_s --no-as-needed -lc -lgcc --as-needed -lgcc_s --no-as-needed /usr/lib/gcc/x86_64-pc-linux-gnu/8.1.1/crtendS.o /usr/lib/gcc/x86_64-pc-linux-gnu/8.1.1/../../../../lib/crtn.o]
    arg [/usr/lib/gcc/x86_64-pc-linux-gnu/8.1.1/collect2] ==> ignore
    arg [-plugin] ==> ignore
    arg [/usr/lib/gcc/x86_64-pc-linux-gnu/8.1.1/liblto_plugin.so] ==> ignore
    arg [-plugin-opt=/usr/lib/gcc/x86_64-pc-linux-gnu/8.1.1/lto-wrapper] ==> ignore
    arg [-plugin-opt=-fresolution=/tmp/ccaIs39M.res] ==> ignore
    arg [-plugin-opt=-pass-through=-lgcc] ==> ignore
    arg [-plugin-opt=-pass-through=-lgcc_s] ==> ignore
    arg [-plugin-opt=-pass-through=-lc] ==> ignore
    arg [-plugin-opt=-pass-through=-lgcc] ==> ignore
    arg [-plugin-opt=-pass-through=-lgcc_s] ==> ignore
    arg [--build-id] ==> ignore
    arg [--eh-frame-hdr] ==> ignore
    arg [--hash-style=gnu] ==> ignore
    arg [-m] ==> ignore
    arg [elf_x86_64] ==> ignore
    arg [-dynamic-linker] ==> ignore
    arg [/lib64/ld-linux-x86-64.so.2] ==> ignore
    arg [-pie] ==> ignore
    arg [-o] ==> ignore
    arg [cmTC_62cc1] ==> ignore
    arg [/usr/lib/gcc/x86_64-pc-linux-gnu/8.1.1/../../../../lib/Scrt1.o] ==> ignore
    arg [/usr/lib/gcc/x86_64-pc-linux-gnu/8.1.1/../../../../lib/crti.o] ==> ignore
    arg [/usr/lib/gcc/x86_64-pc-linux-gnu/8.1.1/crtbeginS.o] ==> ignore
    arg [-L/usr/lib/gcc/x86_64-pc-linux-gnu/8.1.1] ==> dir [/usr/lib/gcc/x86_64-pc-linux-gnu/8.1.1]
    arg [-L/usr/lib/gcc/x86_64-pc-linux-gnu/8.1.1/../../../../lib] ==> dir [/usr/lib/gcc/x86_64-pc-linux-gnu/8.1.1/../../../../lib]
    arg [-L/lib/../lib] ==> dir [/lib/../lib]
    arg [-L/usr/lib/../lib] ==> dir [/usr/lib/../lib]
    arg [-L/usr/lib/gcc/x86_64-pc-linux-gnu/8.1.1/../../..] ==> dir [/usr/lib/gcc/x86_64-pc-linux-gnu/8.1.1/../../..]
    arg [CMakeFiles/cmTC_62cc1.dir/CMakeCCompilerABI.c.o] ==> ignore
    arg [-lgcc] ==> lib [gcc]
    arg [--as-needed] ==> ignore
    arg [-lgcc_s] ==> lib [gcc_s]
    arg [--no-as-needed] ==> ignore
    arg [-lc] ==> lib [c]
    arg [-lgcc] ==> lib [gcc]
    arg [--as-needed] ==> ignore
    arg [-lgcc_s] ==> lib [gcc_s]
    arg [--no-as-needed] ==> ignore
    arg [/usr/lib/gcc/x86_64-pc-linux-gnu/8.1.1/crtendS.o] ==> ignore
    arg [/usr/lib/gcc/x86_64-pc-linux-gnu/8.1.1/../../../../lib/crtn.o] ==> ignore
  collapse library dir [/usr/lib/gcc/x86_64-pc-linux-gnu/8.1.1] ==> [/usr/lib/gcc/x86_64-pc-linux-gnu/8.1.1]
  collapse library dir [/usr/lib/gcc/x86_64-pc-linux-gnu/8.1.1/../../../../lib] ==> [/usr/lib]
  collapse library dir [/lib/../lib] ==> [/lib]
  collapse library dir [/usr/lib/../lib] ==> [/usr/lib]
  collapse library dir [/usr/lib/gcc/x86_64-pc-linux-gnu/8.1.1/../../..] ==> [/usr/lib]
  implicit libs: [gcc;gcc_s;c;gcc;gcc_s]
  implicit dirs: [/usr/lib/gcc/x86_64-pc-linux-gnu/8.1.1;/usr/lib;/lib]
  implicit fwks: []




Detecting C [-std=c11] compiler features compiled with the following output:
Change Dir: /home/discaz/Project/Socket/Chapter3/stack/cmake-build-debug/CMakeFiles/CMakeTmp

Run Build Command:"/bin/make" "cmTC_5a40d/fast"
/bin/make -f CMakeFiles/cmTC_5a40d.dir/build.make CMakeFiles/cmTC_5a40d.dir/build
make[1]: 进入目录“/home/discaz/Project/Socket/Chapter3/stack/cmake-build-debug/CMakeFiles/CMakeTmp”
Building C object CMakeFiles/cmTC_5a40d.dir/feature_tests.c.o
/bin/cc   -std=c11 -o CMakeFiles/cmTC_5a40d.dir/feature_tests.c.o   -c /home/discaz/Project/Socket/Chapter3/stack/cmake-build-debug/CMakeFiles/feature_tests.c
Linking C executable cmTC_5a40d
/opt/clion/bin/cmake/bin/cmake -E cmake_link_script CMakeFiles/cmTC_5a40d.dir/link.txt --verbose=1
/bin/cc      CMakeFiles/cmTC_5a40d.dir/feature_tests.c.o  -o cmTC_5a40d 
make[1]: 离开目录“/home/discaz/Project/Socket/Chapter3/stack/cmake-build-debug/CMakeFiles/CMakeTmp”


    Feature record: C_FEATURE:1c_function_prototypes
    Feature record: C_FEATURE:1c_restrict
    Feature record: C_FEATURE:1c_static_assert
    Feature record: C_FEATURE:1c_variadic_macros


Detecting C [-std=c99] compiler features compiled with the following output:
Change Dir: /home/discaz/Project/Socket/Chapter3/stack/cmake-build-debug/CMakeFiles/CMakeTmp

Run Build Command:"/bin/make" "cmTC_2a52d/fast"
/bin/make -f CMakeFiles/cmTC_2a52d.dir/build.make CMakeFiles/cmTC_2a52d.dir/build
make[1]: 进入目录“/home/discaz/Project/Socket/Chapter3/stack/cmake-build-debug/CMakeFiles/CMakeTmp”
Building C object CMakeFiles/cmTC_2a52d.dir/feature_tests.c.o
/bin/cc   -std=c99 -o CMakeFiles/cmTC_2a52d.dir/feature_tests.c.o   -c /home/discaz/Project/Socket/Chapter3/stack/cmake-build-debug/CMakeFiles/feature_tests.c
Linking C executable cmTC_2a52d
/opt/clion/bin/cmake/bin/cmake -E cmake_link_script CMakeFiles/cmTC_2a52d.dir/link.txt --verbose=1
/bin/cc      CMakeFiles/cmTC_2a52d.dir/feature_tests.c.o  -o cmTC_2a52d 
make[1]: 离开目录“/home/discaz/Project/Socket/Chapter3/stack/cmake-build-debug/CMakeFiles/CMakeTmp”


    Feature record: C_FEATURE:1c_function_prototypes
    Feature record: C_FEATURE:1c_restrict
    Feature record: C_FEATURE:0c_static_assert
    Feature record: C_FEATURE:1c_variadic_macros


Detecting C [-std=c90] compiler features compiled with the following output:
Change Dir: /home/discaz/Project/Socket/Chapter3/stack/cmake-build-debug/CMakeFiles/CMakeTmp

Run Build Command:"/bin/make" "cmTC_702eb/fast"
/bin/make -f CMakeFiles/cmTC_702eb.dir/build.make CMakeFiles/cmTC_702eb.dir/build
make[1]: 进入目录“/home/discaz/Project/Socket/Chapter3/stack/cmake-build-debug/CMakeFiles/CMakeTmp”
Building C object CMakeFiles/cmTC_702eb.dir/feature_tests.c.o
/bin/cc   -std=c90 -o CMakeFiles/cmTC_702eb.dir/feature_tests.c.o   -c /home/discaz/Project/Socket/Chapter3/stack/cmake-build-debug/CMakeFiles/feature_tests.c
Linking C executable cmTC_702eb
/opt/clion/bin/cmake/bin/cmake -E cmake_link_script CMakeFiles/cmTC_702eb.dir/link.txt --verbose=1
/bin/cc      CMakeFiles/cmTC_702eb.dir/feature_tests.c.o  -o cmTC_702eb 
make[1]: 离开目录“/home/discaz/Project/Socket/Chapter3/stack/cmake-build-debug/CMakeFiles/CMakeTmp”


    Feature record: C_FEATURE:1c_function_prototypes
    Feature record: C_FEATURE:0c_restrict
    Feature record: C_FEATURE:0c_static_assert
    Feature record: C_FEATURE:0c_variadic_macros
